2026-02-24 16:36:27,043 [INFO] ============================================================
2026-02-24 16:36:27,044 [INFO] Understat Scraper — Players + Team Standings
2026-02-24 16:36:27,044 [INFO] Leagues : ['EPL', 'Bundesliga', 'Serie_A', 'Ligue_1', 'La_liga']
2026-02-24 16:36:27,044 [INFO] Seasons : ['2015/16', '2016/17', '2017/18', '2018/19', '2019/20', '2020/21', '2021/22', '2022/23', '2023/24']
2026-02-24 16:36:27,046 [INFO] ============================================================
2026-02-24 16:36:27,047 [INFO] [1/45] Premier League — 2015/16
2026-02-24 16:36:27,892 [ERROR] Failed for EPL 2015/16: name 'data' is not defined get back to work.
2026-02-24 16:36:27,892 [INFO] [2/45] Premier League — 2016/17
2026-02-24 16:36:28,077 [ERROR] Failed for EPL 2016/17: name 'data' is not defined get back to work.
2026-02-24 16:36:28,078 [INFO] [3/45] Premier League — 2017/18
2026-02-24 16:36:28,261 [ERROR] Failed for EPL 2017/18: name 'data' is not defined get back to work.
2026-02-24 16:36:28,262 [INFO] [4/45] Premier League — 2018/19
2026-02-24 16:36:28,446 [ERROR] Failed for EPL 2018/19: name 'data' is not defined get back to work.
2026-02-24 16:36:28,446 [INFO] [5/45] Premier League — 2019/20
2026-02-24 16:36:28,629 [ERROR] Failed for EPL 2019/20: name 'data' is not defined get back to work.
2026-02-24 16:36:28,630 [INFO] [6/45] Premier League — 2020/21
2026-02-24 16:36:28,811 [ERROR] Failed for EPL 2020/21: name 'data' is not defined get back to work.
2026-02-24 16:36:28,812 [INFO] [7/45] Premier League — 2021/22
2026-02-24 16:36:28,992 [ERROR] Failed for EPL 2021/22: name 'data' is not defined get back to work.
2026-02-24 16:36:28,993 [INFO] [8/45] Premier League — 2022/23
2026-02-24 16:36:29,169 [ERROR] Failed for EPL 2022/23: name 'data' is not defined get back to work.
2026-02-24 16:36:29,170 [INFO] [9/45] Premier League — 2023/24
2026-02-24 16:36:29,366 [ERROR] Failed for EPL 2023/24: name 'data' is not defined get back to work.
2026-02-24 16:36:29,366 [INFO] [10/45] Bundesliga — 2015/16
2026-02-24 16:36:29,747 [ERROR] Failed for Bundesliga 2015/16: name 'data' is not defined get back to work.
2026-02-24 16:36:29,747 [INFO] [11/45] Bundesliga — 2016/17
2026-02-24 16:36:30,125 [ERROR] Failed for Bundesliga 2016/17: name 'data' is not defined get back to work.
2026-02-24 16:36:30,126 [INFO] [12/45] Bundesliga — 2017/18
2026-02-24 16:36:30,550 [ERROR] Failed for Bundesliga 2017/18: name 'data' is not defined get back to work.
2026-02-24 16:36:30,551 [INFO] [13/45] Bundesliga — 2018/19
2026-02-24 16:36:31,029 [ERROR] Failed for Bundesliga 2018/19: name 'data' is not defined get back to work.
2026-02-24 16:36:31,030 [INFO] [14/45] Bundesliga — 2019/20
2026-02-24 16:36:31,637 [ERROR] Failed for Bundesliga 2019/20: name 'data' is not defined get back to work.
2026-02-24 16:36:31,638 [INFO] [15/45] Bundesliga — 2020/21
2026-02-24 16:36:31,823 [ERROR] Failed for Bundesliga 2020/21: name 'data' is not defined get back to work.
2026-02-24 16:36:31,824 [INFO] [16/45] Bundesliga — 2021/22
2026-02-24 16:36:31,997 [ERROR] Failed for Bundesliga 2021/22: name 'data' is not defined get back to work.
2026-02-24 16:36:31,997 [INFO] [17/45] Bundesliga — 2022/23
2026-02-24 16:36:32,172 [ERROR] Failed for Bundesliga 2022/23: name 'data' is not defined get back to work.
2026-02-24 16:36:32,172 [INFO] [18/45] Bundesliga — 2023/24
2026-02-24 16:36:32,352 [ERROR] Failed for Bundesliga 2023/24: name 'data' is not defined get back to work.
2026-02-24 16:36:32,354 [INFO] [19/45] Serie A — 2015/16
2026-02-24 16:36:32,946 [ERROR] Failed for Serie_A 2015/16: name 'data' is not defined get back to work.
2026-02-24 16:36:32,947 [INFO] [20/45] Serie A — 2016/17
2026-02-24 16:36:33,531 [ERROR] Failed for Serie_A 2016/17: name 'data' is not defined get back to work.
2026-02-24 16:36:33,532 [INFO] [21/45] Serie A — 2017/18
2026-02-24 16:36:34,085 [ERROR] Failed for Serie_A 2017/18: name 'data' is not defined get back to work.
2026-02-24 16:36:34,086 [INFO] [22/45] Serie A — 2018/19
2026-02-24 16:36:34,690 [ERROR] Failed for Serie_A 2018/19: name 'data' is not defined get back to work.
2026-02-24 16:36:34,696 [INFO] [23/45] Serie A — 2019/20
2026-02-24 16:36:35,324 [ERROR] Failed for Serie_A 2019/20: name 'data' is not defined get back to work.
2026-02-24 16:36:35,325 [INFO] [24/45] Serie A — 2020/21
2026-02-24 16:36:35,504 [ERROR] Failed for Serie_A 2020/21: name 'data' is not defined get back to work.
2026-02-24 16:36:35,504 [INFO] [25/45] Serie A — 2021/22
2026-02-24 16:36:35,687 [ERROR] Failed for Serie_A 2021/22: name 'data' is not defined get back to work.
2026-02-24 16:36:35,688 [INFO] [26/45] Serie A — 2022/23
2026-02-24 16:36:35,876 [ERROR] Failed for Serie_A 2022/23: name 'data' is not defined get back to work.
2026-02-24 16:36:35,876 [INFO] [27/45] Serie A — 2023/24
2026-02-24 16:36:36,059 [ERROR] Failed for Serie_A 2023/24: name 'data' is not defined get back to work.
2026-02-24 16:36:36,059 [INFO] [28/45] Ligue 1 — 2015/16
2026-02-24 16:36:36,505 [ERROR] Failed for Ligue_1 2015/16: name 'data' is not defined get back to work.
2026-02-24 16:36:36,506 [INFO] [29/45] Ligue 1 — 2016/17
2026-02-24 16:36:36,953 [ERROR] Failed for Ligue_1 2016/17: name 'data' is not defined get back to work.
2026-02-24 16:36:36,953 [INFO] [30/45] Ligue 1 — 2017/18
2026-02-24 16:36:37,397 [ERROR] Failed for Ligue_1 2017/18: name 'data' is not defined get back to work.
2026-02-24 16:36:37,398 [INFO] [31/45] Ligue 1 — 2018/19
2026-02-24 16:36:37,826 [ERROR] Failed for Ligue_1 2018/19: name 'data' is not defined get back to work.
2026-02-24 16:36:37,826 [INFO] [32/45] Ligue 1 — 2019/20
2026-02-24 16:36:38,183 [ERROR] Failed for Ligue_1 2019/20: name 'data' is not defined get back to work.
2026-02-24 16:36:38,183 [INFO] [33/45] Ligue 1 — 2020/21
2026-02-24 16:36:38,367 [ERROR] Failed for Ligue_1 2020/21: name 'data' is not defined get back to work.
2026-02-24 16:36:38,367 [INFO] [34/45] Ligue 1 — 2021/22
2026-02-24 16:36:38,560 [ERROR] Failed for Ligue_1 2021/22: name 'data' is not defined get back to work.
2026-02-24 16:36:38,560 [INFO] [35/45] Ligue 1 — 2022/23
2026-02-24 16:36:38,744 [ERROR] Failed for Ligue_1 2022/23: name 'data' is not defined get back to work.
2026-02-24 16:36:38,745 [INFO] [36/45] Ligue 1 — 2023/24
2026-02-24 16:36:38,924 [ERROR] Failed for Ligue_1 2023/24: name 'data' is not defined get back to work.
2026-02-24 16:36:38,926 [INFO] [37/45] La liga — 2015/16
2026-02-24 16:36:38,926 [ERROR] Failed for La_liga 2015/16: La_ligais not a valid league get back to work.
2026-02-24 16:36:38,927 [INFO] [38/45] La liga — 2016/17
2026-02-24 16:36:38,927 [ERROR] Failed for La_liga 2016/17: La_ligais not a valid league get back to work.
2026-02-24 16:36:38,927 [INFO] [39/45] La liga — 2017/18
2026-02-24 16:36:38,927 [ERROR] Failed for La_liga 2017/18: La_ligais not a valid league get back to work.
2026-02-24 16:36:38,927 [INFO] [40/45] La liga — 2018/19
2026-02-24 16:36:38,927 [ERROR] Failed for La_liga 2018/19: La_ligais not a valid league get back to work.
2026-02-24 16:36:38,928 [INFO] [41/45] La liga — 2019/20
2026-02-24 16:36:38,928 [ERROR] Failed for La_liga 2019/20: La_ligais not a valid league get back to work.
2026-02-24 16:36:38,928 [INFO] [42/45] La liga — 2020/21
2026-02-24 16:36:38,928 [ERROR] Failed for La_liga 2020/21: La_ligais not a valid league get back to work.
2026-02-24 16:36:38,929 [INFO] [43/45] La liga — 2021/22
2026-02-24 16:36:38,929 [ERROR] Failed for La_liga 2021/22: La_ligais not a valid league get back to work.
2026-02-24 16:36:38,929 [INFO] [44/45] La liga — 2022/23
2026-02-24 16:36:38,929 [ERROR] Failed for La_liga 2022/23: La_ligais not a valid league get back to work.
2026-02-24 16:36:38,930 [INFO] [45/45] La liga — 2023/24
2026-02-24 16:36:38,930 [ERROR] Failed for La_liga 2023/24: La_ligais not a valid league get back to work.
2026-02-24 16:36:38,932 [ERROR] No player data collected. Go fish...
2026-02-24 16:36:38,933 [ERROR] This is broken and no team data was collected. You successfully wasted your own time!!!
2026-02-24 16:39:36,125 [INFO] ============================================================
2026-02-24 16:39:36,127 [INFO] Understat Scraper — Players + Team Standings
2026-02-24 16:39:36,127 [INFO] Leagues : ['EPL', 'Bundesliga', 'Serie_A', 'Ligue_1', 'La_liga']
2026-02-24 16:39:36,127 [INFO] Seasons : ['2015/16', '2016/17', '2017/18', '2018/19', '2019/20', '2020/21', '2021/22', '2022/23', '2023/24']
2026-02-24 16:39:36,127 [INFO] ============================================================
2026-02-24 16:39:36,128 [INFO] [1/45] Premier League — 2015/16
2026-02-24 16:39:36,941 [INFO]   Players : 550 rows
2026-02-24 16:39:42,725 [INFO]   Teams   : 20 rows
2026-02-24 16:39:47,725 [INFO] [2/45] Premier League — 2016/17
2026-02-24 16:39:48,506 [INFO]   Players : 524 rows
2026-02-24 16:39:54,266 [INFO]   Teams   : 20 rows
2026-02-24 16:39:59,267 [INFO] [3/45] Premier League — 2017/18
2026-02-24 16:40:00,225 [INFO]   Players : 515 rows
2026-02-24 16:40:05,982 [INFO]   Teams   : 20 rows
2026-02-24 16:40:10,983 [INFO] [4/45] Premier League — 2018/19
2026-02-24 16:40:11,755 [INFO]   Players : 505 rows
2026-02-24 16:40:17,508 [INFO]   Teams   : 20 rows
2026-02-24 16:40:22,509 [INFO] [5/45] Premier League — 2019/20
2026-02-24 16:40:23,266 [INFO]   Players : 515 rows
2026-02-24 16:40:29,011 [INFO]   Teams   : 20 rows
2026-02-24 16:40:34,012 [INFO] [6/45] Premier League — 2020/21
2026-02-24 16:40:34,791 [INFO]   Players : 524 rows
2026-02-24 16:40:40,565 [INFO]   Teams   : 20 rows
2026-02-24 16:40:45,566 [INFO] [7/45] Premier League — 2021/22
2026-02-24 16:40:46,353 [INFO]   Players : 537 rows
2026-02-24 16:40:52,100 [INFO]   Teams   : 20 rows
2026-02-24 16:40:57,102 [INFO] [8/45] Premier League — 2022/23
2026-02-24 16:40:57,857 [INFO]   Players : 554 rows
2026-02-24 16:41:03,676 [INFO]   Teams   : 20 rows
2026-02-24 16:41:08,678 [INFO] [9/45] Premier League — 2023/24
2026-02-24 16:41:09,443 [INFO]   Players : 570 rows
2026-02-24 16:41:15,218 [INFO]   Teams   : 20 rows
2026-02-24 16:41:20,219 [INFO] [10/45] Bundesliga — 2015/16
2026-02-24 16:41:20,977 [INFO]   Players : 476 rows
2026-02-24 16:41:26,728 [INFO]   Teams   : 18 rows
2026-02-24 16:41:31,729 [INFO] [11/45] Bundesliga — 2016/17
2026-02-24 16:41:32,487 [INFO]   Players : 470 rows
2026-02-24 16:41:38,273 [INFO]   Teams   : 18 rows
2026-02-24 16:41:43,275 [INFO] [12/45] Bundesliga — 2017/18
2026-02-24 16:41:44,040 [INFO]   Players : 472 rows
2026-02-24 16:41:49,805 [INFO]   Teams   : 18 rows
2026-02-24 16:41:54,806 [INFO] [13/45] Bundesliga — 2018/19
2026-02-24 16:41:55,554 [INFO]   Players : 468 rows
2026-02-24 16:42:01,300 [INFO]   Teams   : 18 rows
2026-02-24 16:42:06,301 [INFO] [14/45] Bundesliga — 2019/20
2026-02-24 16:42:07,057 [INFO]   Players : 487 rows
2026-02-24 16:42:12,818 [INFO]   Teams   : 18 rows
2026-02-24 16:42:17,819 [INFO] [15/45] Bundesliga — 2020/21
2026-02-24 16:42:18,588 [INFO]   Players : 496 rows
2026-02-24 16:42:24,343 [INFO]   Teams   : 18 rows
2026-02-24 16:42:29,344 [INFO] [16/45] Bundesliga — 2021/22
2026-02-24 16:42:30,108 [INFO]   Players : 511 rows
2026-02-24 16:42:35,887 [INFO]   Teams   : 18 rows
2026-02-24 16:42:40,888 [INFO] [17/45] Bundesliga — 2022/23
2026-02-24 16:42:41,650 [INFO]   Players : 506 rows
2026-02-24 16:42:47,407 [INFO]   Teams   : 18 rows
2026-02-24 16:42:52,409 [INFO] [18/45] Bundesliga — 2023/24
2026-02-24 16:42:53,155 [INFO]   Players : 494 rows
2026-02-24 16:42:58,907 [INFO]   Teams   : 18 rows
2026-02-24 16:43:03,908 [INFO] [19/45] Serie A — 2015/16
2026-02-24 16:43:04,675 [INFO]   Players : 551 rows
2026-02-24 16:43:10,444 [INFO]   Teams   : 20 rows
2026-02-24 16:43:15,445 [INFO] [20/45] Serie A — 2016/17
2026-02-24 16:43:16,227 [INFO]   Players : 560 rows
2026-02-24 16:43:22,005 [INFO]   Teams   : 20 rows
2026-02-24 16:43:27,006 [INFO] [21/45] Serie A — 2017/18
2026-02-24 16:43:27,784 [INFO]   Players : 533 rows
2026-02-24 16:43:33,552 [INFO]   Teams   : 20 rows
2026-02-24 16:43:38,553 [INFO] [22/45] Serie A — 2018/19
2026-02-24 16:43:39,319 [INFO]   Players : 543 rows
2026-02-24 16:43:45,112 [INFO]   Teams   : 20 rows
2026-02-24 16:43:50,113 [INFO] [23/45] Serie A — 2019/20
2026-02-24 16:43:50,880 [INFO]   Players : 572 rows
2026-02-24 16:43:56,686 [INFO]   Teams   : 20 rows
2026-02-24 16:44:01,687 [INFO] [24/45] Serie A — 2020/21
2026-02-24 16:44:02,478 [INFO]   Players : 594 rows
2026-02-24 16:44:08,376 [INFO]   Teams   : 20 rows
2026-02-24 16:44:13,377 [INFO] [25/45] Serie A — 2021/22
2026-02-24 16:44:14,231 [INFO]   Players : 608 rows
2026-02-24 16:44:20,100 [INFO]   Teams   : 20 rows
2026-02-24 16:44:25,101 [INFO] [26/45] Serie A — 2022/23
2026-02-24 16:44:25,865 [INFO]   Players : 577 rows
2026-02-24 16:44:31,626 [INFO]   Teams   : 20 rows
2026-02-24 16:44:36,628 [INFO] [27/45] Serie A — 2023/24
2026-02-24 16:44:37,397 [INFO]   Players : 590 rows
2026-02-24 16:44:43,164 [INFO]   Teams   : 20 rows
2026-02-24 16:44:48,165 [INFO] [28/45] Ligue 1 — 2015/16
2026-02-24 16:44:48,938 [INFO]   Players : 575 rows
2026-02-24 16:44:54,706 [INFO]   Teams   : 20 rows
2026-02-24 16:44:59,708 [INFO] [29/45] Ligue 1 — 2016/17
2026-02-24 16:45:00,477 [INFO]   Players : 559 rows
2026-02-24 16:45:06,256 [INFO]   Teams   : 20 rows
2026-02-24 16:45:11,257 [INFO] [30/45] Ligue 1 — 2017/18
2026-02-24 16:45:12,041 [INFO]   Players : 540 rows
2026-02-24 16:45:17,816 [INFO]   Teams   : 20 rows
2026-02-24 16:45:22,817 [INFO] [31/45] Ligue 1 — 2018/19
2026-02-24 16:45:23,609 [INFO]   Players : 548 rows
2026-02-24 16:45:29,373 [INFO]   Teams   : 20 rows
2026-02-24 16:45:34,373 [INFO] [32/45] Ligue 1 — 2019/20
2026-02-24 16:45:35,157 [INFO]   Players : 531 rows
2026-02-24 16:45:40,929 [INFO]   Teams   : 20 rows
2026-02-24 16:45:45,930 [INFO] [33/45] Ligue 1 — 2020/21
2026-02-24 16:45:45,937 [ERROR] Failed for Ligue_1 2020/21: ('Connection aborted.', RemoteDisconnected('Remote end closed connection without response')) get back to work.
2026-02-24 16:45:45,937 [INFO] [34/45] Ligue 1 — 2021/22
2026-02-24 16:45:46,957 [INFO]   Players : 589 rows
2026-02-24 16:45:52,886 [INFO]   Teams   : 20 rows
2026-02-24 16:45:57,887 [INFO] [35/45] Ligue 1 — 2022/23
2026-02-24 16:45:57,894 [ERROR] Failed for Ligue_1 2022/23: ('Connection aborted.', RemoteDisconnected('Remote end closed connection without response')) get back to work.
2026-02-24 16:45:57,894 [INFO] [36/45] Ligue 1 — 2023/24
2026-02-24 16:45:58,736 [INFO]   Players : 525 rows
2026-02-24 16:46:03,745 [ERROR] Failed for Ligue_1 2023/24: ('Connection aborted.', RemoteDisconnected('Remote end closed connection without response')) get back to work.
2026-02-24 16:46:03,745 [INFO] [37/45] La liga — 2015/16
2026-02-24 16:46:03,746 [ERROR] Failed for La_liga 2015/16: La_ligais not a valid league get back to work.
2026-02-24 16:46:03,746 [INFO] [38/45] La liga — 2016/17
2026-02-24 16:46:03,746 [ERROR] Failed for La_liga 2016/17: La_ligais not a valid league get back to work.
2026-02-24 16:46:03,746 [INFO] [39/45] La liga — 2017/18
2026-02-24 16:46:03,746 [ERROR] Failed for La_liga 2017/18: La_ligais not a valid league get back to work.
2026-02-24 16:46:03,747 [INFO] [40/45] La liga — 2018/19
2026-02-24 16:46:03,747 [ERROR] Failed for La_liga 2018/19: La_ligais not a valid league get back to work.
2026-02-24 16:46:03,747 [INFO] [41/45] La liga — 2019/20
2026-02-24 16:46:03,747 [ERROR] Failed for La_liga 2019/20: La_ligais not a valid league get back to work.
2026-02-24 16:46:03,747 [INFO] [42/45] La liga — 2020/21
2026-02-24 16:46:03,747 [ERROR] Failed for La_liga 2020/21: La_ligais not a valid league get back to work.
2026-02-24 16:46:03,748 [INFO] [43/45] La liga — 2021/22
2026-02-24 16:46:03,748 [ERROR] Failed for La_liga 2021/22: La_ligais not a valid league get back to work.
2026-02-24 16:46:03,748 [INFO] [44/45] La liga — 2022/23
2026-02-24 16:46:03,748 [ERROR] Failed for La_liga 2022/23: La_ligais not a valid league get back to work.
2026-02-24 16:46:03,748 [INFO] [45/45] La liga — 2023/24
2026-02-24 16:46:03,748 [ERROR] Failed for La_liga 2023/24: La_ligais not a valid league get back to work.
2026-02-24 16:52:19,066 [INFO] ============================================================
2026-02-24 16:52:19,067 [INFO] Understat Scraper — Players + Team Standings
2026-02-24 16:52:19,067 [INFO] Leagues : ['EPL', 'Bundesliga', 'Serie_A', 'Ligue_1', 'La_Liga']
2026-02-24 16:52:19,068 [INFO] Seasons : ['2015/16', '2016/17', '2017/18', '2018/19', '2019/20', '2020/21', '2021/22', '2022/23', '2023/24']
2026-02-24 16:52:19,068 [INFO] ============================================================
2026-02-24 16:52:19,069 [INFO] [1/45] Premier League — 2015/16
2026-02-24 16:52:20,082 [INFO]   Players : 550 rows
2026-02-24 16:52:26,110 [INFO]   Teams   : 20 rows
2026-02-24 16:52:31,111 [INFO] [2/45] Premier League — 2016/17
2026-02-24 16:52:31,998 [INFO]   Players : 524 rows
2026-02-24 16:52:37,007 [ERROR] Failed for EPL 2016/17: ('Connection aborted.', RemoteDisconnected('Remote end closed connection without response')) get back to work.
2026-02-24 16:52:37,008 [INFO] [3/45] Premier League — 2017/18
2026-02-24 16:52:37,893 [INFO]   Players : 515 rows
2026-02-24 16:52:43,651 [INFO]   Teams   : 20 rows
2026-02-24 16:52:48,652 [INFO] [4/45] Premier League — 2018/19
2026-02-24 16:52:49,421 [INFO]   Players : 505 rows
2026-02-24 16:52:55,329 [INFO]   Teams   : 20 rows
2026-02-24 16:53:00,330 [INFO] [5/45] Premier League — 2019/20
2026-02-24 16:53:01,141 [INFO]   Players : 515 rows
2026-02-24 16:53:06,952 [INFO]   Teams   : 20 rows
2026-02-24 16:53:11,953 [INFO] [6/45] Premier League — 2020/21
2026-02-24 16:53:12,750 [INFO]   Players : 524 rows
2026-02-24 16:53:17,755 [ERROR] Failed for EPL 2020/21: ('Connection aborted.', RemoteDisconnected('Remote end closed connection without response')) get back to work.
2026-02-24 16:53:17,756 [INFO] [7/45] Premier League — 2021/22
2026-02-24 16:53:18,597 [INFO]   Players : 537 rows
2026-02-24 16:53:24,399 [INFO]   Teams   : 20 rows
2026-02-24 16:53:29,400 [INFO] [8/45] Premier League — 2022/23
2026-02-24 16:53:30,155 [INFO]   Players : 554 rows
2026-02-24 16:53:35,163 [ERROR] Failed for EPL 2022/23: ('Connection aborted.', RemoteDisconnected('Remote end closed connection without response')) get back to work.
2026-02-24 16:53:35,163 [INFO] [9/45] Premier League — 2023/24
2026-02-24 16:53:36,103 [INFO]   Players : 570 rows
2026-02-24 16:53:41,109 [ERROR] Failed for EPL 2023/24: ('Connection aborted.', RemoteDisconnected('Remote end closed connection without response')) get back to work.
2026-02-24 16:53:41,109 [INFO] [10/45] Bundesliga — 2015/16
2026-02-24 16:53:41,995 [INFO]   Players : 476 rows
2026-02-24 16:53:46,998 [ERROR] Failed for Bundesliga 2015/16: ('Connection aborted.', RemoteDisconnected('Remote end closed connection without response')) get back to work.
2026-02-24 16:53:46,998 [INFO] [11/45] Bundesliga — 2016/17
2026-02-24 16:53:47,943 [INFO]   Players : 470 rows
2026-02-24 16:53:53,971 [INFO]   Teams   : 18 rows
2026-02-24 16:53:58,972 [INFO] [12/45] Bundesliga — 2017/18
2026-02-24 16:53:58,977 [ERROR] Failed for Bundesliga 2017/18: ('Connection aborted.', RemoteDisconnected('Remote end closed connection without response')) get back to work.
2026-02-24 16:53:58,977 [INFO] [13/45] Bundesliga — 2018/19
2026-02-24 16:53:59,918 [INFO]   Players : 468 rows
2026-02-24 16:54:05,952 [INFO]   Teams   : 18 rows
2026-02-24 16:54:10,953 [INFO] [14/45] Bundesliga — 2019/20
2026-02-24 16:54:10,959 [ERROR] Failed for Bundesliga 2019/20: ('Connection aborted.', RemoteDisconnected('Remote end closed connection without response')) get back to work.
2026-02-24 16:54:10,961 [INFO] [15/45] Bundesliga — 2020/21
2026-02-24 16:54:12,006 [INFO]   Players : 496 rows
2026-02-24 16:54:18,036 [INFO]   Teams   : 18 rows
2026-02-24 16:54:23,037 [INFO] [16/45] Bundesliga — 2021/22
2026-02-24 16:54:23,043 [ERROR] Failed for Bundesliga 2021/22: ('Connection aborted.', RemoteDisconnected('Remote end closed connection without response')) get back to work.
2026-02-24 16:54:23,043 [INFO] [17/45] Bundesliga — 2022/23
2026-02-24 16:54:23,986 [INFO]   Players : 506 rows
2026-02-24 16:54:30,121 [INFO]   Teams   : 18 rows
2026-02-24 16:55:44,186 [INFO] ============================================================
2026-02-24 16:55:44,186 [INFO] Understat Scraper — Players + Team Standings
2026-02-24 16:55:44,186 [INFO] Leagues : ['EPL', 'Bundesliga', 'Serie_A', 'Ligue_1']
2026-02-24 16:55:44,186 [INFO] Seasons : ['2015/16', '2016/17', '2017/18', '2018/19', '2019/20', '2020/21', '2021/22', '2022/23', '2023/24']
2026-02-24 16:55:44,186 [INFO] ============================================================
2026-02-24 16:55:44,187 [INFO] [1/36] Premier League — 2015/16
2026-02-24 16:55:45,217 [INFO]   Players : 550 rows
2026-02-24 16:55:51,064 [INFO]   Teams   : 20 rows
2026-02-24 16:55:56,065 [INFO] [2/36] Premier League — 2016/17
2026-02-24 16:55:56,973 [INFO]   Players : 524 rows
2026-02-24 16:56:02,857 [INFO]   Teams   : 20 rows
2026-02-24 16:56:07,858 [INFO] [3/36] Premier League — 2017/18
2026-02-24 16:56:08,783 [INFO]   Players : 515 rows
2026-02-24 16:56:14,594 [INFO]   Teams   : 20 rows
2026-02-24 16:56:19,595 [INFO] [4/36] Premier League — 2018/19
2026-02-24 16:56:20,394 [INFO]   Players : 505 rows
2026-02-24 16:56:25,402 [ERROR] Failed for EPL 2018/19: ('Connection aborted.', RemoteDisconnected('Remote end closed connection without response')) get back to work.
2026-02-24 16:56:25,403 [INFO] [5/36] Premier League — 2019/20
2026-02-24 16:56:26,176 [INFO]   Players : 515 rows
2026-02-24 16:56:31,183 [ERROR] Failed for EPL 2019/20: ('Connection aborted.', RemoteDisconnected('Remote end closed connection without response')) get back to work.
2026-02-24 16:56:31,184 [INFO] [6/36] Premier League — 2020/21
2026-02-24 16:56:32,230 [INFO]   Players : 524 rows
2026-02-24 16:56:38,224 [INFO]   Teams   : 20 rows
2026-02-24 16:56:43,225 [INFO] [7/36] Premier League — 2021/22
2026-02-24 16:56:43,230 [ERROR] Failed for EPL 2021/22: ('Connection aborted.', RemoteDisconnected('Remote end closed connection without response')) get back to work.
2026-02-24 16:56:43,230 [INFO] [8/36] Premier League — 2022/23
2026-02-24 16:56:44,175 [INFO]   Players : 554 rows
2026-02-24 16:56:50,224 [INFO]   Teams   : 20 rows
2026-02-24 16:56:55,225 [INFO] [9/36] Premier League — 2023/24
2026-02-24 16:56:56,255 [INFO]   Players : 570 rows
2026-02-24 16:57:02,291 [INFO]   Teams   : 20 rows
2026-02-24 16:57:07,292 [INFO] [10/36] Bundesliga — 2015/16
2026-02-24 16:57:08,296 [INFO]   Players : 476 rows
2026-02-24 16:57:13,305 [ERROR] Failed for Bundesliga 2015/16: ('Connection aborted.', RemoteDisconnected('Remote end closed connection without response')) get back to work.
2026-02-24 16:57:13,305 [INFO] [11/36] Bundesliga — 2016/17
2026-02-24 16:57:14,410 [INFO]   Players : 470 rows
2026-02-24 16:57:20,335 [INFO]   Teams   : 18 rows
2026-02-24 16:57:25,337 [INFO] [12/36] Bundesliga — 2017/18
2026-02-24 16:57:26,360 [INFO]   Players : 472 rows
2026-02-24 16:57:31,361 [ERROR] Failed for Bundesliga 2017/18: ('Connection aborted.', RemoteDisconnected('Remote end closed connection without response')) get back to work.
2026-02-24 16:57:31,365 [INFO] [13/36] Bundesliga — 2018/19
2026-02-24 16:57:32,320 [INFO]   Players : 468 rows
2026-02-24 16:57:38,336 [INFO]   Teams   : 18 rows
2026-02-24 16:57:43,337 [INFO] [14/36] Bundesliga — 2019/20
2026-02-24 16:57:44,279 [INFO]   Players : 487 rows
2026-02-24 16:57:50,248 [INFO]   Teams   : 18 rows
2026-02-24 16:57:55,249 [INFO] [15/36] Bundesliga — 2020/21
2026-02-24 16:57:56,168 [INFO]   Players : 496 rows
2026-02-24 16:58:02,193 [INFO]   Teams   : 18 rows
2026-02-24 16:58:07,195 [INFO] [16/36] Bundesliga — 2021/22
2026-02-24 16:58:07,201 [ERROR] Failed for Bundesliga 2021/22: ('Connection aborted.', RemoteDisconnected('Remote end closed connection without response')) get back to work.
2026-02-24 16:58:07,202 [INFO] [17/36] Bundesliga — 2022/23
2026-02-24 16:58:08,045 [INFO]   Players : 506 rows
2026-02-24 16:58:13,974 [INFO]   Teams   : 18 rows
2026-02-24 16:58:18,975 [INFO] [18/36] Bundesliga — 2023/24
2026-02-24 16:58:19,918 [INFO]   Players : 494 rows
2026-02-24 16:58:25,787 [INFO]   Teams   : 18 rows
2026-02-24 16:58:30,788 [INFO] [19/36] Serie A — 2015/16
2026-02-24 16:58:30,793 [ERROR] Failed for Serie_A 2015/16: ('Connection aborted.', RemoteDisconnected('Remote end closed connection without response')) get back to work.
2026-02-24 16:58:30,794 [INFO] [20/36] Serie A — 2016/17
2026-02-24 16:58:31,556 [INFO]   Players : 560 rows
2026-02-24 16:58:36,562 [ERROR] Failed for Serie_A 2016/17: ('Connection aborted.', RemoteDisconnected('Remote end closed connection without response')) get back to work.
2026-02-24 16:58:36,562 [INFO] [21/36] Serie A — 2017/18
2026-02-24 16:58:37,641 [INFO]   Players : 533 rows
2026-02-24 16:58:43,507 [INFO]   Teams   : 20 rows
2026-02-24 16:58:48,509 [INFO] [22/36] Serie A — 2018/19
2026-02-24 16:58:49,581 [INFO]   Players : 543 rows
2026-02-24 16:58:54,588 [ERROR] Failed for Serie_A 2018/19: ('Connection aborted.', RemoteDisconnected('Remote end closed connection without response')) get back to work.
2026-02-24 16:58:54,588 [INFO] [23/36] Serie A — 2019/20
2026-02-24 16:58:55,665 [INFO]   Players : 572 rows
2026-02-24 16:59:01,689 [INFO]   Teams   : 20 rows
2026-02-24 16:59:06,690 [INFO] [24/36] Serie A — 2020/21
2026-02-24 16:59:06,696 [ERROR] Failed for Serie_A 2020/21: ('Connection aborted.', RemoteDisconnected('Remote end closed connection without response')) get back to work.
2026-02-24 16:59:06,696 [INFO] [25/36] Serie A — 2021/22
2026-02-24 16:59:08,104 [INFO]   Players : 608 rows
2026-02-24 16:59:14,364 [INFO]   Teams   : 20 rows
2026-02-24 16:59:19,366 [INFO] [26/36] Serie A — 2022/23
2026-02-24 16:59:20,455 [INFO]   Players : 577 rows
2026-02-24 16:59:26,375 [INFO]   Teams   : 20 rows
2026-02-24 16:59:31,376 [INFO] [27/36] Serie A — 2023/24
2026-02-24 16:59:32,423 [INFO]   Players : 590 rows
2026-02-24 16:59:38,313 [INFO]   Teams   : 20 rows
2026-02-24 16:59:43,314 [INFO] [28/36] Ligue 1 — 2015/16
2026-02-24 16:59:44,376 [INFO]   Players : 575 rows
2026-02-24 16:59:50,151 [INFO]   Teams   : 20 rows
2026-02-24 16:59:55,152 [INFO] [29/36] Ligue 1 — 2016/17
2026-02-24 16:59:55,157 [ERROR] Failed for Ligue_1 2016/17: ('Connection aborted.', RemoteDisconnected('Remote end closed connection without response')) get back to work.
2026-02-24 16:59:55,157 [INFO] [30/36] Ligue 1 — 2017/18
2026-02-24 16:59:56,003 [INFO]   Players : 540 rows
2026-02-24 17:00:01,817 [INFO]   Teams   : 20 rows
2026-02-24 17:00:06,818 [INFO] [31/36] Ligue 1 — 2018/19
2026-02-24 17:00:06,824 [ERROR] Failed for Ligue_1 2018/19: ('Connection aborted.', RemoteDisconnected('Remote end closed connection without response')) get back to work.
2026-02-24 17:00:06,825 [INFO] [32/36] Ligue 1 — 2019/20
2026-02-24 17:00:08,372 [INFO]   Players : 531 rows
2026-02-24 17:00:14,305 [INFO]   Teams   : 20 rows
2026-02-24 17:00:19,307 [INFO] [33/36] Ligue 1 — 2020/21
2026-02-24 17:00:19,316 [ERROR] Failed for Ligue_1 2020/21: ('Connection aborted.', RemoteDisconnected('Remote end closed connection without response')) get back to work.
2026-02-24 17:00:19,317 [INFO] [34/36] Ligue 1 — 2021/22
2026-02-24 17:00:20,144 [INFO]   Players : 589 rows
2026-02-24 17:00:26,012 [INFO]   Teams   : 20 rows
2026-02-24 17:00:31,014 [INFO] [35/36] Ligue 1 — 2022/23
2026-02-24 17:00:31,020 [ERROR] Failed for Ligue_1 2022/23: ('Connection aborted.', RemoteDisconnected('Remote end closed connection without response')) get back to work.
2026-02-24 17:00:31,020 [INFO] [36/36] Ligue 1 — 2023/24
2026-02-24 17:00:31,951 [INFO]   Players : 525 rows
